app/build/intermediates/manifest_merge_blame_file/debug/manifest-merger-blame-debug-report.txt
1<?xml version="1.0" encoding="utf-8"?>
2<manifest xmlns:android="http://schemas.android.com/apk/res/android"
3    package="com.ddasha.myapplication"
4    android:versionCode="1"
5    android:versionName="1.0" >
6
7    <uses-sdk
8        android:minSdkVersion="21"
8-->src\main\AndroidManifest.xml
9        android:targetSdkVersion="32" />
9-->src\main\AndroidManifest.xml
10
11    <uses-permission android:name="android.permission.INTERNET" />
11-->src\main\AndroidManifest.xml:6:5-67
11-->src\main\AndroidManifest.xml:6:22-64
12    <uses-permission android:name="android.permission.ACCESS_NETWORK_STATE" />
12-->src\main\AndroidManifest.xml:7:5-79
12-->src\main\AndroidManifest.xml:7:22-76
13    <uses-permission android:name="android.permission.ACCESS_WIFI_STATE" />
13-->src\main\AndroidManifest.xml:8:5-76
13-->src\main\AndroidManifest.xml:8:22-73
14    <uses-permission android:name="android.permission.WAKE_LOCK" />
14-->[com.google.android.gms:play-services-measurement-api:21.2.2] AndroidManifest.xml:24:5-68
14-->[com.google.android.gms:play-services-measurement-api:21.2.2] AndroidManifest.xml:24:22-65
15    <uses-permission android:name="com.google.android.gms.permission.AD_ID" />
15-->[com.google.android.gms:play-services-measurement-api:21.2.2] AndroidManifest.xml:25:5-79
15-->[com.google.android.gms:play-services-measurement-api:21.2.2] AndroidManifest.xml:25:22-76
16    <uses-permission android:name="com.google.android.finsky.permission.BIND_GET_INSTALL_REFERRER_SERVICE" />
16-->[com.google.android.gms:play-services-measurement:21.2.2] AndroidManifest.xml:26:5-110
16-->[com.google.android.gms:play-services-measurement:21.2.2] AndroidManifest.xml:26:22-107
17
18    <permission
18-->[androidx.core:core:1.9.0] AndroidManifest.xml:22:5-24:47
19        android:name="com.ddasha.myapplication.DYNAMIC_RECEIVER_NOT_EXPORTED_PERMISSION"
19-->[androidx.core:core:1.9.0] AndroidManifest.xml:23:9-81
20        android:protectionLevel="signature" />
20-->[androidx.core:core:1.9.0] AndroidManifest.xml:24:9-44
21
22    <uses-permission android:name="com.ddasha.myapplication.DYNAMIC_RECEIVER_NOT_EXPORTED_PERMISSION" />
22-->[androidx.core:core:1.9.0] AndroidManifest.xml:26:5-97
22-->[androidx.core:core:1.9.0] AndroidManifest.xml:26:22-94
23
24    <application
24-->src\main\AndroidManifest.xml:10:5-48:19
25        android:allowBackup="true"
25-->src\main\AndroidManifest.xml:11:9-35
26        android:appComponentFactory="androidx.core.app.CoreComponentFactory"
26-->[androidx.core:core:1.9.0] AndroidManifest.xml:28:18-86
27        android:dataExtractionRules="@xml/data_extraction_rules"
27-->src\main\AndroidManifest.xml:12:9-65
28        android:debuggable="true"
29        android:fullBackupContent="@xml/backup_rules"
29-->src\main\AndroidManifest.xml:13:9-54
30        android:icon="@mipmap/ic_launcher"
30-->src\main\AndroidManifest.xml:14:9-43
31        android:label="@string/app_name"
31-->src\main\AndroidManifest.xml:15:9-41
32        android:roundIcon="@mipmap/ic_launcher_round"
32-->src\main\AndroidManifest.xml:16:9-54
33        android:supportsRtl="true"
33-->src\main\AndroidManifest.xml:17:9-35
34        android:testOnly="true"
35        android:theme="@style/SplashScreen" >
35-->src\main\AndroidManifest.xml:18:9-44
36        <activity
36-->src\main\AndroidManifest.xml:20:9-22:40
37            android:name="com.ddasha.myapplication.LibraryModule"
37-->src\main\AndroidManifest.xml:21:13-42
38            android:exported="false" />
38-->src\main\AndroidManifest.xml:22:13-37
39        <activity
39-->src\main\AndroidManifest.xml:23:9-25:40
40            android:name="com.ddasha.myapplication.CreateModule"
40-->src\main\AndroidManifest.xml:24:13-41
41            android:exported="false" />
41-->src\main\AndroidManifest.xml:25:13-37
42        <activity
42-->src\main\AndroidManifest.xml:26:9-28:40
43            android:name="com.ddasha.myapplication.Account"
43-->src\main\AndroidManifest.xml:27:13-36
44            android:exported="false" />
44-->src\main\AndroidManifest.xml:28:13-37
45        <activity
45-->src\main\AndroidManifest.xml:29:9-31:40
46            android:name="com.ddasha.myapplication.Main"
46-->src\main\AndroidManifest.xml:30:13-33
47            android:exported="false" />
47-->src\main\AndroidManifest.xml:31:13-37
48        <activity
48-->src\main\AndroidManifest.xml:32:9-34:40
49            android:name="com.ddasha.myapplication.Registration"
49-->src\main\AndroidManifest.xml:33:13-41
50            android:exported="false" />
50-->src\main\AndroidManifest.xml:34:13-37
51        <activity
51-->src\main\AndroidManifest.xml:35:9-43:20
52            android:name="com.ddasha.myapplication.MainActivity"
52-->src\main\AndroidManifest.xml:36:13-41
53            android:exported="true" >
53-->src\main\AndroidManifest.xml:37:13-36
54            <intent-filter>
54-->src\main\AndroidManifest.xml:38:13-42:29
55                <action android:name="android.intent.action.MAIN" />
55-->src\main\AndroidManifest.xml:39:17-69
55-->src\main\AndroidManifest.xml:39:25-66
56
57                <category android:name="android.intent.category.LAUNCHER" />
57-->src\main\AndroidManifest.xml:41:17-77
57-->src\main\AndroidManifest.xml:41:27-74
58            </intent-filter>
59        </activity>
60
61        <meta-data
61-->src\main\AndroidManifest.xml:45:9-47:57
62            android:name="preloaded_fonts"
62-->src\main\AndroidManifest.xml:46:13-43
63            android:resource="@array/preloaded_fonts" />
63-->src\main\AndroidManifest.xml:47:13-54
64
65        <activity
65-->[com.google.firebase:firebase-auth:22.0.0] AndroidManifest.xml:29:9-46:20
66            android:name="com.google.firebase.auth.internal.GenericIdpActivity"
66-->[com.google.firebase:firebase-auth:22.0.0] AndroidManifest.xml:30:13-80
67            android:excludeFromRecents="true"
67-->[com.google.firebase:firebase-auth:22.0.0] AndroidManifest.xml:31:13-46
68            android:exported="true"
68-->[com.google.firebase:firebase-auth:22.0.0] AndroidManifest.xml:32:13-36
69            android:launchMode="singleTask"
69-->[com.google.firebase:firebase-auth:22.0.0] AndroidManifest.xml:33:13-44
70            android:theme="@android:style/Theme.Translucent.NoTitleBar" >
70-->[com.google.firebase:firebase-auth:22.0.0] AndroidManifest.xml:34:13-72
71            <intent-filter>
71-->[com.google.firebase:firebase-auth:22.0.0] AndroidManifest.xml:35:13-45:29
72                <action android:name="android.intent.action.VIEW" />
72-->[com.google.firebase:firebase-auth:22.0.0] AndroidManifest.xml:36:17-69
72-->[com.google.firebase:firebase-auth:22.0.0] AndroidManifest.xml:36:25-66
73
74                <category android:name="android.intent.category.DEFAULT" />
74-->[com.google.firebase:firebase-auth:22.0.0] AndroidManifest.xml:38:17-76
74-->[com.google.firebase:firebase-auth:22.0.0] AndroidManifest.xml:38:27-73
75                <category android:name="android.intent.category.BROWSABLE" />
75-->[com.google.firebase:firebase-auth:22.0.0] AndroidManifest.xml:39:17-78
75-->[com.google.firebase:firebase-auth:22.0.0] AndroidManifest.xml:39:27-75
76
77                <data
77-->[com.google.firebase:firebase-auth:22.0.0] AndroidManifest.xml:41:17-44:51
78                    android:host="firebase.auth"
78-->[com.google.firebase:firebase-auth:22.0.0] AndroidManifest.xml:42:21-49
79                    android:path="/"
79-->[com.google.firebase:firebase-auth:22.0.0] AndroidManifest.xml:43:21-37
80                    android:scheme="genericidp" />
80-->[com.google.firebase:firebase-auth:22.0.0] AndroidManifest.xml:44:21-48
81            </intent-filter>
82        </activity>
83        <activity
83-->[com.google.firebase:firebase-auth:22.0.0] AndroidManifest.xml:47:9-64:20
84            android:name="com.google.firebase.auth.internal.RecaptchaActivity"
84-->[com.google.firebase:firebase-auth:22.0.0] AndroidManifest.xml:48:13-79
85            android:excludeFromRecents="true"
85-->[com.google.firebase:firebase-auth:22.0.0] AndroidManifest.xml:49:13-46
86            android:exported="true"
86-->[com.google.firebase:firebase-auth:22.0.0] AndroidManifest.xml:50:13-36
87            android:launchMode="singleTask"
87-->[com.google.firebase:firebase-auth:22.0.0] AndroidManifest.xml:51:13-44
88            android:theme="@android:style/Theme.Translucent.NoTitleBar" >
88-->[com.google.firebase:firebase-auth:22.0.0] AndroidManifest.xml:52:13-72
89            <intent-filter>
89-->[com.google.firebase:firebase-auth:22.0.0] AndroidManifest.xml:53:13-63:29
90                <action android:name="android.intent.action.VIEW" />
90-->[com.google.firebase:firebase-auth:22.0.0] AndroidManifest.xml:36:17-69
90-->[com.google.firebase:firebase-auth:22.0.0] AndroidManifest.xml:36:25-66
91
92                <category android:name="android.intent.category.DEFAULT" />
92-->[com.google.firebase:firebase-auth:22.0.0] AndroidManifest.xml:38:17-76
92-->[com.google.firebase:firebase-auth:22.0.0] AndroidManifest.xml:38:27-73
93                <category android:name="android.intent.category.BROWSABLE" />
93-->[com.google.firebase:firebase-auth:22.0.0] AndroidManifest.xml:39:17-78
93-->[com.google.firebase:firebase-auth:22.0.0] AndroidManifest.xml:39:27-75
94
95                <data
95-->[com.google.firebase:firebase-auth:22.0.0] AndroidManifest.xml:41:17-44:51
96                    android:host="firebase.auth"
96-->[com.google.firebase:firebase-auth:22.0.0] AndroidManifest.xml:42:21-49
97                    android:path="/"
97-->[com.google.firebase:firebase-auth:22.0.0] AndroidManifest.xml:43:21-37
98                    android:scheme="recaptcha" />
98-->[com.google.firebase:firebase-auth:22.0.0] AndroidManifest.xml:44:21-48
99            </intent-filter>
100        </activity>
101
102        <service
102-->[com.google.firebase:firebase-auth:22.0.0] AndroidManifest.xml:66:9-72:19
103            android:name="com.google.firebase.components.ComponentDiscoveryService"
103-->[com.google.firebase:firebase-auth:22.0.0] AndroidManifest.xml:67:13-84
104            android:directBootAware="true"
104-->[com.google.firebase:firebase-common:20.3.2] AndroidManifest.xml:34:13-43
105            android:exported="false" >
105-->[com.google.firebase:firebase-auth:22.0.0] AndroidManifest.xml:68:13-37
106            <meta-data
106-->[com.google.firebase:firebase-auth:22.0.0] AndroidManifest.xml:69:13-71:85
107                android:name="com.google.firebase.components:com.google.firebase.auth.FirebaseAuthRegistrar"
107-->[com.google.firebase:firebase-auth:22.0.0] AndroidManifest.xml:70:17-109
108                android:value="com.google.firebase.components.ComponentRegistrar" />
108-->[com.google.firebase:firebase-auth:22.0.0] AndroidManifest.xml:71:17-82
109            <meta-data
109-->[com.google.firebase:firebase-database:20.2.1] AndroidManifest.xml:31:13-33:85
110                android:name="com.google.firebase.components:com.google.firebase.database.DatabaseRegistrar"
110-->[com.google.firebase:firebase-database:20.2.1] AndroidManifest.xml:32:17-109
111                android:value="com.google.firebase.components.ComponentRegistrar" />
111-->[com.google.firebase:firebase-database:20.2.1] AndroidManifest.xml:33:17-82
112            <meta-data
112-->[com.google.android.gms:play-services-measurement-api:21.2.2] AndroidManifest.xml:31:13-33:85
113                android:name="com.google.firebase.components:com.google.firebase.analytics.connector.internal.AnalyticsConnectorRegistrar"
113-->[com.google.android.gms:play-services-measurement-api:21.2.2] AndroidManifest.xml:32:17-139
114                android:value="com.google.firebase.components.ComponentRegistrar" />
114-->[com.google.android.gms:play-services-measurement-api:21.2.2] AndroidManifest.xml:33:17-82
115            <meta-data
115-->[com.google.firebase:firebase-installations:17.1.3] AndroidManifest.xml:17:13-19:85
116                android:name="com.google.firebase.components:com.google.firebase.installations.FirebaseInstallationsRegistrar"
116-->[com.google.firebase:firebase-installations:17.1.3] AndroidManifest.xml:18:17-127
117                android:value="com.google.firebase.components.ComponentRegistrar" />
117-->[com.google.firebase:firebase-installations:17.1.3] AndroidManifest.xml:19:17-82
118        </service>
119
120        <provider
120-->[com.google.firebase:firebase-common:20.3.2] AndroidManifest.xml:25:9-30:39
121            android:name="com.google.firebase.provider.FirebaseInitProvider"
121-->[com.google.firebase:firebase-common:20.3.2] AndroidManifest.xml:26:13-77
122            android:authorities="com.ddasha.myapplication.firebaseinitprovider"
122-->[com.google.firebase:firebase-common:20.3.2] AndroidManifest.xml:27:13-72
123            android:directBootAware="true"
123-->[com.google.firebase:firebase-common:20.3.2] AndroidManifest.xml:28:13-43
124            android:exported="false"
124-->[com.google.firebase:firebase-common:20.3.2] AndroidManifest.xml:29:13-37
125            android:initOrder="100" />
125-->[com.google.firebase:firebase-common:20.3.2] AndroidManifest.xml:30:13-36
126
127        <activity
127-->[com.google.android.gms:play-services-base:18.1.0] AndroidManifest.xml:20:9-22:45
128            android:name="com.google.android.gms.common.api.GoogleApiActivity"
128-->[com.google.android.gms:play-services-base:18.1.0] AndroidManifest.xml:20:19-85
129            android:exported="false"
129-->[com.google.android.gms:play-services-base:18.1.0] AndroidManifest.xml:22:19-43
130            android:theme="@android:style/Theme.Translucent.NoTitleBar" />
130-->[com.google.android.gms:play-services-base:18.1.0] AndroidManifest.xml:21:19-78
131
132        <receiver
132-->[com.google.android.gms:play-services-measurement:21.2.2] AndroidManifest.xml:29:9-33:20
133            android:name="com.google.android.gms.measurement.AppMeasurementReceiver"
133-->[com.google.android.gms:play-services-measurement:21.2.2] AndroidManifest.xml:30:13-85
134            android:enabled="true"
134-->[com.google.android.gms:play-services-measurement:21.2.2] AndroidManifest.xml:31:13-35
135            android:exported="false" >
135-->[com.google.android.gms:play-services-measurement:21.2.2] AndroidManifest.xml:32:13-37
136        </receiver>
137
138        <service
138-->[com.google.android.gms:play-services-measurement:21.2.2] AndroidManifest.xml:35:9-38:40
139            android:name="com.google.android.gms.measurement.AppMeasurementService"
139-->[com.google.android.gms:play-services-measurement:21.2.2] AndroidManifest.xml:36:13-84
140            android:enabled="true"
140-->[com.google.android.gms:play-services-measurement:21.2.2] AndroidManifest.xml:37:13-35
141            android:exported="false" />
141-->[com.google.android.gms:play-services-measurement:21.2.2] AndroidManifest.xml:38:13-37
142        <service
142-->[com.google.android.gms:play-services-measurement:21.2.2] AndroidManifest.xml:39:9-43:72
143            android:name="com.google.android.gms.measurement.AppMeasurementJobService"
143-->[com.google.android.gms:play-services-measurement:21.2.2] AndroidManifest.xml:40:13-87
144            android:enabled="true"
144-->[com.google.android.gms:play-services-measurement:21.2.2] AndroidManifest.xml:41:13-35
145            android:exported="false"
145-->[com.google.android.gms:play-services-measurement:21.2.2] AndroidManifest.xml:42:13-37
146            android:permission="android.permission.BIND_JOB_SERVICE" />
146-->[com.google.android.gms:play-services-measurement:21.2.2] AndroidManifest.xml:43:13-69
147
148        <meta-data
148-->[com.google.android.gms:play-services-basement:18.1.0] AndroidManifest.xml:21:9-23:69
149            android:name="com.google.android.gms.version"
149-->[com.google.android.gms:play-services-basement:18.1.0] AndroidManifest.xml:22:13-58
150            android:value="@integer/google_play_services_version" />
150-->[com.google.android.gms:play-services-basement:18.1.0] AndroidManifest.xml:23:13-66
151
152        <provider
152-->[androidx.emoji2:emoji2:1.2.0] AndroidManifest.xml:24:9-32:20
153            android:name="androidx.startup.InitializationProvider"
153-->[androidx.emoji2:emoji2:1.2.0] AndroidManifest.xml:25:13-67
154            android:authorities="com.ddasha.myapplication.androidx-startup"
154-->[androidx.emoji2:emoji2:1.2.0] AndroidManifest.xml:26:13-68
155            android:exported="false" >
155-->[androidx.emoji2:emoji2:1.2.0] AndroidManifest.xml:27:13-37
156            <meta-data
156-->[androidx.emoji2:emoji2:1.2.0] AndroidManifest.xml:29:13-31:52
157                android:name="androidx.emoji2.text.EmojiCompatInitializer"
157-->[androidx.emoji2:emoji2:1.2.0] AndroidManifest.xml:30:17-75
158                android:value="androidx.startup" />
158-->[androidx.emoji2:emoji2:1.2.0] AndroidManifest.xml:31:17-49
159            <meta-data
159-->[androidx.lifecycle:lifecycle-process:2.4.1] AndroidManifest.xml:31:13-33:52
160                android:name="androidx.lifecycle.ProcessLifecycleInitializer"
160-->[androidx.lifecycle:lifecycle-process:2.4.1] AndroidManifest.xml:32:17-78
161                android:value="androidx.startup" />
161-->[androidx.lifecycle:lifecycle-process:2.4.1] AndroidManifest.xml:33:17-49
162        </provider>
163    </application>
164
165</manifest>